Build started 5/6/2017 12:58:53 PM.
     1>Project "C:\Users\Luigi\Documents\Visual Studio 2013\Projects\obfuscator\obfuscator\obfuscator.vcxproj" on node 2 (Build target(s)).
     1>ClCompile:
         C:\Program Files (x86)\Microsoft Visual Studio 12.0\VC\bin\CL.exe /c /Zi /nologo /W3 /WX- /sdl /O2 /Oi /Oy- /GL /D _MBCS /D _CRT_SECURE_NO_WARNINGS /Gm- /EHsc /MD /GS /Gy /fp:precise /Zc:wchar_t /Zc:forScope /Fo"Release\\" /Fd"Release\vc120.pdb" /Gd /TP /analyze- /errorReport:prompt Source.cpp
         Source.cpp
     1>Source.cpp(467): warning C4244: 'return' : conversion from '__int64' to 'DWORD', possible loss of data
     1>Source.cpp(734): warning C4309: '=' : truncation of constant value
     1>Source.cpp(738): warning C4309: '=' : truncation of constant value
     1>Source.cpp(634): warning C4101: 'pMappedStrAES' : unreferenced local variable
       Link:
         C:\Program Files (x86)\Microsoft Visual Studio 12.0\VC\bin\link.exe /ERRORREPORT:PROMPT /OUT:"C:\Users\Luigi\Documents\Visual Studio 2013\Projects\obfuscator\Release\obfuscator.exe" /NOLOGO kernel32.lib user32.lib gdi32.lib winspool.lib comdlg32.lib advapi32.lib shell32.lib ole32.lib oleaut32.lib uuid.lib odbc32.lib odbccp32.lib /MANIFEST /MANIFESTUAC:"level='asInvoker' uiAccess='false'" /manifest:embed /DEBUG /PDB:"C:\Users\Luigi\Documents\Visual Studio 2013\Projects\obfuscator\Release\obfuscator.pdb" /OPT:REF /OPT:ICF /LTCG /TLBID:1 /DYNAMICBASE /NXCOMPAT /IMPLIB:"C:\Users\Luigi\Documents\Visual Studio 2013\Projects\obfuscator\Release\obfuscator.lib" /MACHINE:X86 /SAFESEH Release\Source.obj
     1>LINK : warning LNK4098: defaultlib 'LIBCMT' conflicts with use of other libs; use /NODEFAULTLIB:library
         Generating code
         Finished generating code
     1>distorm.lib(decoder.obj) : warning LNK4099: PDB 'distorm.pdb' was not found with 'distorm.lib(decoder.obj)' or at 'C:\Users\Luigi\Documents\Visual Studio 2013\Projects\obfuscator\Release\distorm.pdb'; linking object as if no debug info
     1>distorm.lib(distorm.obj) : warning LNK4099: PDB 'distorm.pdb' was not found with 'distorm.lib(distorm.obj)' or at 'C:\Users\Luigi\Documents\Visual Studio 2013\Projects\obfuscator\Release\distorm.pdb'; linking object as if no debug info
     1>distorm.lib(instructions.obj) : warning LNK4099: PDB 'distorm.pdb' was not found with 'distorm.lib(instructions.obj)' or at 'C:\Users\Luigi\Documents\Visual Studio 2013\Projects\obfuscator\Release\distorm.pdb'; linking object as if no debug info
     1>distorm.lib(insts.obj) : warning LNK4099: PDB 'distorm.pdb' was not found with 'distorm.lib(insts.obj)' or at 'C:\Users\Luigi\Documents\Visual Studio 2013\Projects\obfuscator\Release\distorm.pdb'; linking object as if no debug info
     1>distorm.lib(mnemonics.obj) : warning LNK4099: PDB 'distorm.pdb' was not found with 'distorm.lib(mnemonics.obj)' or at 'C:\Users\Luigi\Documents\Visual Studio 2013\Projects\obfuscator\Release\distorm.pdb'; linking object as if no debug info
     1>distorm.lib(operands.obj) : warning LNK4099: PDB 'distorm.pdb' was not found with 'distorm.lib(operands.obj)' or at 'C:\Users\Luigi\Documents\Visual Studio 2013\Projects\obfuscator\Release\distorm.pdb'; linking object as if no debug info
     1>distorm.lib(prefix.obj) : warning LNK4099: PDB 'distorm.pdb' was not found with 'distorm.lib(prefix.obj)' or at 'C:\Users\Luigi\Documents\Visual Studio 2013\Projects\obfuscator\Release\distorm.pdb'; linking object as if no debug info
     1>distorm.lib(textdefs.obj) : warning LNK4099: PDB 'distorm.pdb' was not found with 'distorm.lib(textdefs.obj)' or at 'C:\Users\Luigi\Documents\Visual Studio 2013\Projects\obfuscator\Release\distorm.pdb'; linking object as if no debug info
     1>distorm.lib(wstring.obj) : warning LNK4099: PDB 'distorm.pdb' was not found with 'distorm.lib(wstring.obj)' or at 'C:\Users\Luigi\Documents\Visual Studio 2013\Projects\obfuscator\Release\distorm.pdb'; linking object as if no debug info
         obfuscator.vcxproj -> C:\Users\Luigi\Documents\Visual Studio 2013\Projects\obfuscator\Release\obfuscator.exe
     1>Done Building Project "C:\Users\Luigi\Documents\Visual Studio 2013\Projects\obfuscator\obfuscator\obfuscator.vcxproj" (Build target(s)).

Build succeeded.

Time Elapsed 00:00:02.28
